0:100  0:100  MemLog inited, TSC freq: 3192463400
0:100  0:000  CPU was calibrated with RTC
0:100  0:000  
0:100  0:000  Now is 17.4.2019,  11:18:59 (GMT)
0:100  0:000  Starting Clover revision: 4919 on American Megatrends EFI
0:100  0:000  Build with: [Args: -mc --no-usb -D NO_GRUB_DRIVERS_EMBEDDED -t XCODE8 | -D DISABLE_USB_SUPPORT -D NO_GRUB_DRIVERS_EMBEDDED --conf=/Users/macman/src/edk2/Conf -D USE_BIOS_BLOCKIO -D USE_LOW_EBDA -a X64 -b RELEASE -t XCODE8 -n 13 | OS: 10.14.3 | XCODE: 10.2]
0:100  0:000  SelfDevicePath=PciRoot(0x0)\Pci(0x1B,0x0)\Pci(0x0,0x0)\NVMe(0x1,4C-E8-B1-81-58-38-25-00)\HD(1,GPT,1EE9A1E6-22F6-45BA-A181-78064616B017,0x28,0x64000) @8959A418
0:100  0:000  SelfDirPath = \EFI\BOOT
0:100  0:000  === [ Get Smbios ] ========================================
0:100  0:000  Type 16 Index = 0
0:100  0:000  Total Memory Slots Count = 2
0:100  0:000  Type 17 Index = 0
0:100  0:000  SmbiosTable.Type17->Speed = 2667MHz
0:100  0:000  SmbiosTable.Type17->Size = 16384MB
0:100  0:000  SmbiosTable.Type17->Bank/Device = BANK 0 ChannelA-DIMM0
0:100  0:000  SmbiosTable.Type17->Vendor = Kingston
0:100  0:000  SmbiosTable.Type17->SerialNumber = 3DD0582B
0:100  0:000  SmbiosTable.Type17->PartNumber = KHX2666C16/16G      
0:100  0:000  Type 17 Index = 1
0:100  0:000  SmbiosTable.Type17->Speed = 2667MHz
0:100  0:000  SmbiosTable.Type17->Size = 16384MB
0:100  0:000  SmbiosTable.Type17->Bank/Device = BANK 2 ChannelB-DIMM0
0:100  0:000  SmbiosTable.Type17->Vendor = Kingston
0:100  0:000  SmbiosTable.Type17->SerialNumber = 31EB4B2B
0:100  0:000  SmbiosTable.Type17->PartNumber = KHX2666C16/16G      
0:100  0:000  Boot status=0
0:100  0:000  Running on: 'To Be Filled By O.E.M.' with board 'B360M-HDV'
0:100  0:000  === [ GetCPUProperties ] ==================================
0:100  0:000  CPU Vendor = 756E6547 Model=906EA
0:100  0:000   The CPU supported SSE4.1
0:100  0:000  BrandString = Intel(R) Core(TM) i7-8700 CPU @ 3.20GHz
0:100  0:000   The CPU supported turbo
0:100  0:000  MSR 0x35               6000C
0:100  0:000   TSC/CCC Information Leaf:
0:100  0:000    numerator     : 266
0:100  0:000    denominator   : 2
0:100  0:000   Calibrated ARTFrequency: 24003484
0:100  0:000  MSR 0xE2 before patch 1E000000
0:100  0:000  MSR 0xCE              08080838_F1012000
0:100  0:000  corrected FLEX_RATIO = 0
0:100  0:000  MSR 0x1B0             00000000
0:100  0:000  FSBFrequency = 100 MHz, DMI FSBFrequency = 100 MHz, Corrected FSBFrequency = 100 MHz
0:100  0:000  MaxDiv/MinDiv: 32.0/8
0:100  0:000  Turbo: 43/44/45/46
0:100  0:000  Features: 0xBFEBFBFF
0:100  0:000  Threads: 12
0:100  0:000  Cores: 6
0:100  0:000  FSB: 100 MHz
0:100  0:000  CPU: 3192 MHz
0:100  0:000  TSC: 3192 MHz
0:100  0:000  PIS: 100 MHz
0:100  0:000  ExternalClock: 25 MHz
0:100  0:000  === [ GetDevices ] ========================================
0:100  0:000  PCI (00|00:00.00) : 8086 3EC2 class=060000
0:100  0:000  PCI (00|00:01.00) : 8086 1901 class=060400
0:100  0:000  PCI (00|01:00.00) : 1002 67DF class=030000
0:100  0:000   - GFX: Model=AMD Radeon RX 480 (ATI/AMD)
0:101  0:000  PCI (00|01:00.01) : 1002 AAF0 class=040300
0:101  0:000   - HDMI Audio: 
0:101  0:000  PCI (00|00:12.00) : 8086 A379 class=118000
0:101  0:000  PCI (00|00:14.00) : 8086 A36D class=0C0330
0:101  0:000  PCI (00|00:14.02) : 8086 A36F class=050000
0:101  0:000  PCI (00|00:16.00) : 8086 A360 class=078000
0:101  0:000  PCI (00|00:17.00) : 8086 A352 class=010601
0:101  0:000  PCI (00|00:1B.00) : 8086 A32C class=060400
0:101  0:000  PCI (00|02:00.00) : 144D A808 class=010802
0:101  0:000  PCI (00|00:1F.00) : 8086 A308 class=060100
0:101  0:000  PCI (00|00:1F.03) : 8086 A348 class=040300
0:101  0:000  PCI (00|00:1F.04) : 8086 A323 class=0C0500
0:101  0:000  PCI (00|00:1F.05) : 8086 A324 class=0C8000
0:101  0:000  PCI (00|00:1F.06) : 8086 15BC class=020000
0:101  0:000   - LAN: 0 Vendor=Intel
0:101  0:000  === [ GetDefaultSettings ] ================================
0:101  0:000  Clover load options size = 0 bytes
0:103  0:001  EFI\CLOVER\config.plist loaded: Success
0:110  0:007  === [ GetListOfThemes ] ===================================
0:111  0:000  - [00]: tonymacx86
0:111  0:000  - [01]: random
0:111  0:000  - [01]: embedded
0:112  0:000  === [ Found config plists ] ===============================
0:112  0:000  - config.plist
0:112  0:000  === [ GetEarlyUserSettings ] ==============================
0:112  0:000  timeout set to 3
0:112  0:000  Custom boot CUSTOM_BOOT_DISABLED (0x0)
0:122  0:009  KextsToPatch: 1 requested
0:127  0:005   - [00]: AppleAHCIPort (External icons patch) :: BinPatch :: data len: 8
0:149  0:022  Default theme: tonymacx86
0:157  0:007  Hiding entries with string Windows
0:162  0:004  Hiding entries with string BOOTX64.EFI
0:166  0:004  === [ LoadDrivers ] =======================================
0:366  0:199  Loading PartitionDxe-64.efi  status=Success
0:382  0:015   - driver needs connecting
0:387  0:004  Loading DataHubDxe-64.efi  status=Success
0:405  0:017  Loading VBoxHfs-64.efi  status=Success
0:424  0:019   - driver needs connecting
0:432  0:007  Loading FSInject-64.efi  status=Success
0:447  0:015  Loading ApfsDriverLoader-64.efi  status=Success
0:463  0:015   - driver needs connecting
0:468  0:004  Loading SMCHelper-64.efi  status=Success
0:483  0:015  Loading AptioMemoryFix-64.efi  status=Success
0:499  0:015  Loading AudioDxe-64.efi  status=Success
0:514  0:015   - driver needs connecting
0:519  0:004  4 drivers needs connecting ...
0:524  0:004  PlatformDriverOverrideProtocol not found. Installing ... Success
0:534  0:009  Partition driver loaded: 
0:543  0:009  APFS driver loaded
0:548  0:005  Searching for invalid DiskIo BY_DRIVER connects: not found, all ok
5:836  5:287  === [ InitScreen ] ========================================
6:046  0:210  Console modes reported: 4, available modes:
6:051  0:004   - [01]: 80x25 (current mode)
6:056  0:004   - [02]: 128x40
6:061  0:004   - [03]: 100x31
6:066  0:004   - [04]: 240x56
6:071  0:004  SetScreenResolution: 1920x1080 - already set
6:081  0:009  SetScreenResolution: 1920x1080 - already set
6:090  0:009  reinit: self device path=PciRoot(0x0)\Pci(0x1B,0x0)\Pci(0x0,0x0)\NVMe(0x1,4C-E8-B1-81-58-38-25-00)\HD(1,GPT,1EE9A1E6-22F6-45BA-A181-78064616B017,0x28,0x64000)
6:096  0:005  Using embedded font: Success
6:101  0:005  === [ GetMacAddress ] =====================================
6:290  0:189  === [ ScanSPD ] ===========================================
6:512  0:221  Scanning SMBus [8086:A323], mmio: 0xA0538004, ioport: 0xEFA0, hostc: 0x1
6:538  0:025  Slot: 0 Type 26 16384MB 2666MHz Vendor=Kingston PartNo=KHX2666C1616G SerialNo=030D0D000508020B
6:563  0:025  Slot: 2 Type 26 16384MB 2666MHz Vendor=Kingston PartNo=KHX2666C1616G SerialNo=03010E0B040B020B
6:569  0:005  === [ GetAcpiTablesList ] =================================
6:757  0:188  Get Acpi Tables List from RSDT:
6:767  0:009   - [00]: FACP  A M I  len=132
6:772  0:004   - [01]: APIC  A M I  len=244
6:776  0:004   - [02]: FPDT  A M I  len=68
6:781  0:004   - [03]: FIDT  A M I len=156
6:787  0:005   - [04]: MCFG  A M I  len=60
6:791  0:004   - [05]: SSDT  SataTabl len=888
6:796  0:004   - [06]: SSDT  CpuSsdt len=6940
6:801  0:004   - [07]: AAFT  OEMAAFT  len=633
6:806  0:004   - [08]: SSDT  SaSsdt  len=12742
6:811  0:004   - [09]: SSDT  PegSsdt len=8987
6:816  0:004   - [10]: HPET  A M I  len=56
6:820  0:004   - [11]: SSDT  xh_cfsd4 len=10574
6:825  0:004   - [12]: UEFI  A M I  len=66
6:830  0:004   - [13]: LPIT  A M I  len=92
6:835  0:004   - [14]: SSDT  TbtTypeC len=5346
6:840  0:005   - [15]: DBGP  A M I  len=52
6:845  0:004   - [16]: DBG2  A M I  len=84
6:850  0:004   - [17]: SSDT  UsbCTabl len=7015
6:854  0:004   - [18]: SSDT  ADebTabl len=324
6:859  0:004   - [19]: VFCT  A M I  len=60548
6:864  0:004   - [20]: WSMT  A M I  len=40
6:869  0:004  Calibrated TSC Frequency = 3192463400 = 3192MHz
6:874  0:004  === [ GetUserSettings ] ===================================
7:057  0:183  USB FixOwnership: yes
7:062  0:004  Dropping 1 tables:
7:067  0:004   - [00]: Drop table  signature="MATS" (5354414D)
7:109  0:042           - set table: 5354414D,                0 to drop: no
7:119  0:009   - final DSDT Fix mask=00000000
7:124  0:004  Using ProductName from config: Macmini8,1
7:129  0:004  Found same BiosVersion in clover and config
7:133  0:004  BiosVersion: MM81.88Z.F000.B00.1809171422
7:138  0:004  BiosReleaseDate: 09/17/2018
7:143  0:004  Using EfiVersion from clover: 220.250.330.0.0
7:148  0:004  Using FirmwareFeatures from clover: 0xFC0FE137
7:153  0:005  Using FirmwareFeaturesMask from clover: 0xFF1FFF3F
7:158  0:004  Using PlatformFeature from clover: 0x2
7:163  0:005  === [ Found DSDT tables ] =================================
7:339  0:175  === [ ScanVolumes ] =======================================
7:544  0:205  Found 12 volumes with blockIO
7:549  0:004  - [00]: Volume: PciRoot(0x0)\Pci(0x17,0x0)\Sata(0x1,0xFFFF,0x0)
7:561  0:011  - [01]: Volume: PciRoot(0x0)\Pci(0x17,0x0)\Sata(0x1,0xFFFF,0x0)\HD(1,GPT,F8CEBB07-2DE3-49A3-A84F-631E3B132A8A,0x22,0x7FDE)
7:571  0:010  - [02]: Volume: PciRoot(0x0)\Pci(0x17,0x0)\Sata(0x1,0xFFFF,0x0)\HD(2,GPT,8E7D7CD5-986A-4421-AD59-953F43F3BAAA,0x8000,0x32000)
7:581  0:010          Result of bootcode detection: bootable Windows (vista,win)
7:587  0:005  - [03]: Volume: PciRoot(0x0)\Pci(0x17,0x0)\Sata(0x1,0xFFFF,0x0)\HD(3,GPT,24AAD74A-FE2E-4ADC-9C2E-0739D39266F4,0x3A000,0x5000000)
7:597  0:010          Result of bootcode detection: bootable Windows (vista,win)
7:602  0:005  - [04]: Volume: PciRoot(0x0)\Pci(0x17,0x0)\Sata(0x1,0xFFFF,0x0)\HD(4,GPT,29AE9A2A-F9AF-4E4E-B6A2-75B48DE7D734,0x503A000,0x8F5A000)
7:613  0:010          Result of bootcode detection: bootable Windows (vista,win)
7:617  0:004  - [05]: Volume: PciRoot(0x0)\Pci(0x1B,0x0)\Pci(0x0,0x0)\NVMe(0x1,4C-E8-B1-81-58-38-25-00)
7:627  0:009  - [06]: Volume: PciRoot(0x0)\Pci(0x1B,0x0)\Pci(0x0,0x0)\NVMe(0x1,4C-E8-B1-81-58-38-25-00)\HD(1,GPT,1EE9A1E6-22F6-45BA-A181-78064616B017,0x28,0x64000)
7:637  0:009          Result of bootcode detection: bootable unknown (legacy)
7:642  0:005          This is SelfVolume !!
7:647  0:004  - [07]: Volume: PciRoot(0x0)\Pci(0x1B,0x0)\Pci(0x0,0x0)\NVMe(0x1,4C-E8-B1-81-58-38-25-00)\HD(2,GPT,3C7F32C2-5D03-4175-8552-93BA13573346,0x64028,0x1D161920)
7:657  0:009          Result of bootcode detection: bootable unknown (legacy)
7:662  0:004  - [08]: Volume: PciRoot(0x0)\Pci(0x1B,0x0)\Pci(0x0,0x0)\NVMe(0x1,4C-E8-B1-81-58-38-25-00)\HD(2,GPT,3C7F32C2-5D03-4175-8552-93BA13573346,0x64028,0x1D161920)\VenMedia(BE74FCF7-0B7C-49F3-9147-01F4042E6842,D57409A0917C4540A8B7D496B145A38E)
7:672  0:009  - [09]: Volume: PciRoot(0x0)\Pci(0x1B,0x0)\Pci(0x0,0x0)\NVMe(0x1,4C-E8-B1-81-58-38-25-00)\HD(2,GPT,3C7F32C2-5D03-4175-8552-93BA13573346,0x64028,0x1D161920)\VenMedia(BE74FCF7-0B7C-49F3-9147-01F4042E6842,1068C2B799382235B8FCEF04A0444FFC)
7:681  0:009  - [10]: Volume: PciRoot(0x0)\Pci(0x1B,0x0)\Pci(0x0,0x0)\NVMe(0x1,4C-E8-B1-81-58-38-25-00)\HD(2,GPT,3C7F32C2-5D03-4175-8552-93BA13573346,0x64028,0x1D161920)\VenMedia(BE74FCF7-0B7C-49F3-9147-01F4042E6842,D68FFA3DF6C7B44BB56CAC7BA36E01A4)
7:691  0:009  - [11]: Volume: PciRoot(0x0)\Pci(0x1B,0x0)\Pci(0x0,0x0)\NVMe(0x1,4C-E8-B1-81-58-38-25-00)\HD(2,GPT,3C7F32C2-5D03-4175-8552-93BA13573346,0x64028,0x1D161920)\VenMedia(BE74FCF7-0B7C-49F3-9147-01F4042E6842,80C416FF4776A44EBAD89CB4735EB2D5)
7:701  0:009  found 2 handles with audio
7:706  0:005  No AudioIoDevice stored
7:711  0:004  no stored audio parameters
7:716  0:004  === [ InitTheme ] =========================================
7:925  0:208  use daylight theme
7:931  0:005  Using theme 'tonymacx86' (EFI\CLOVER\themes\tonymacx86)
7:936  0:004  file sound read: sound.wav Not Found
7:941  0:004  Loading font from ThemeDir: Error
7:946  0:005  theme inited
7:951  0:004  Chosen theme tonymacx86
7:956  0:005  after NVRAM boot-args=dart=0
7:964  0:007  Scanning legacy ...
7:972  0:007   2: 'EFI' (vista,win) add legacy
7:988  0:016   added 'Boot Windows from EFI' OSType=2 Icon=vista,win
7:993  0:004   3: 'ssd_C' (vista,win) add legacy
8:006  0:012   added 'Boot Windows from ssd_C' OSType=2 Icon=vista,win
8:011  0:004   4: 'ssd_D' (vista,win) add legacy
8:021  0:010   added 'Boot Windows from ssd_D' OSType=2 Icon=vista,win
8:026  0:004  === [ Dump SMC keys from NVRAM ] ==========================
8:163  0:136  found AppleSMC protocol
8:204  0:041  Registered 16 SMC keys
8:212  0:007  === [ ScanLoader ] ========================================
8:425  0:212  - [02]: 'EFI'
8:446  0:020          AddLoaderEntry for Volume Name=EFI
8:509  0:063          AddLoaderEntry for Volume Name=EFI
8:514  0:005          skipped because entry is hidden
8:519  0:004  - [03]: 'ssd_C'
8:558  0:038  - [04]: 'ssd_D'
8:596  0:038  - [06]: 'EFI'
8:638  0:042          AddLoaderEntry for Volume Name=EFI
8:643  0:004          skipped because entry is hidden
8:648  0:004  - [08]: 'Preboot'
8:676  0:027          AddLoaderEntry for Volume Name=Preboot
8:701  0:024      Check if volume Is Hibernated:
8:705  0:004      Check sleep image 'by signature':
8:713  0:007      using default sleep image name = \private\var\vm\sleepimage
8:718  0:005      sleepimage not found -> Not Found
8:723  0:004      hibernated: no - sign
8:738  0:015          AddLoaderEntry for Volume Name=Preboot
8:829  0:090  - [09]: 'Mojave'
9:009  0:180          AddLoaderEntry for Volume Name=Mojave
9:054  0:045      Check if volume Is Hibernated:
9:059  0:004      Check sleep image 'by signature':
9:112  0:053      read prefs \Library\Preferences\com.apple.PowerManagement.plist status=Success
9:117  0:005      using default sleep image name = \private\var\vm\sleepimage
9:142  0:024      sleepimage not found -> Not Found
9:147  0:004      hibernated: no - sign
9:260  0:113  - [10]: 'Recovery'
9:285  0:024          AddLoaderEntry for Volume Name=Recovery
9:363  0:077  - [11]: 'VM'
9:401  0:037  === [ AddCustomTool ] =====================================
9:593  0:192  found tool \EFI\CLOVER\tools\Shell64U.efi
9:598  0:004  Checking EFI partition Volume 2 for Clover
9:605  0:007  Checking EFI partition Volume 6 for Clover
9:611  0:005   Found Clover
9:618  0:006  === [ GetEfiBootDeviceFromNvram ] =========================
9:749  0:131   - found entry 6. 'Boot macOS from Mojave', Volume 'Mojave', DevicePath 'PciRoot(0x0)\Pci(0x1B,0x0)\Pci(0x0,0x0)\NVMe(0x1,4C-E8-B1-81-58-38-25-00)\HD(2,GPT,3C7F32C2-5D03-4175-8552-93BA13573346,0x64028,0x1D161920)\VenMedia(BE74FCF7-0B7C-49F3-9147-01F4042E6842,1068C2B799382235B8FCEF04A0444FFC)\System\Library\CoreServices\boot.efii'
9:754  0:004  DefaultIndex=6 and MainMenu.EntryCount=14
9:840  0:085  GUI ready
13:853  4:013  === [ StartLoader ] =======================================
14:053  0:200  Finally: ExternalClock=25MHz BusSpeed=99765kHz CPUFreq=3192MHz PIS: hw.busfrequency=100000000Hz
14:066  0:012  Loading boot.efi  status=Success
14:106  0:040  GetOSVersion: 10.14.4 (18E226)
14:116  0:009  CSR_CFG: CSR_ALLOW_UNTRUSTED_KEXTS | CSR_ALLOW_UNRESTRICTED_FS
14:121  0:004  Filtering KextPatches:
14:126  0:004   - [00]: AppleAHCIPort (External icons patch) :: BinPatch :: [OS: 10.14.4 | MatchOS: All | MatchBuild: All] ==> allowed
14:136  0:010  Will not patch boot.efi
14:141  0:004  === [ PatchSmbios ] =======================================
14:353  0:212  insert table 9 for dev 0:0
14:357  0:004  insert table 9 for dev 0:1
14:362  0:004  insert table 9 for dev 1F:6
14:368  0:005  Detected alternating SMBIOS channel banks
14:373  0:004  Channels: 2
14:377  0:004  Interleave: 0 2 1 3 4 6 5 7 8 10 9 11 12 14 13 15 16 18 17 19 20 22 21 23
14:507  0:129  SMBIOS Type 17 Index = 0 => 0 0:
14:512  0:004  BANK 0 DIMM0 2667MHz 16384MB
14:517  0:004  SMBIOS Type 17 Index = 1 => 1 2:
14:522  0:004  BANK 1 DIMM0 2667MHz 16384MB
14:527  0:004  mTotalSystemMemory = 32768
14:531  0:004  NumberOfMemoryDevices = 2
14:536  0:004  Type20[0]->End = 0xFFFFFF, Type17[0] = 0x4000
14:541  0:004  Type20[1]->End = 0x1FFFFFF, Type17[1] = 0xC000
14:546  0:004  Table 131 is present, CPUType=35
14:551  0:004  Change to: 705
14:556  0:004  === [ PatchACPI ] =========================================
14:765  0:209  Xsdt reallocation done
14:770  0:004  old FADT length=114
14:777  0:007   SignatureFixup: 0x7929E488 -> 0x0
14:784  0:007  Apply DsdtFixMask=0x00000000
14:789  0:004     drop _DSM mask=0xFFFF
14:794  0:004  === [ FixBiosDsdt ] =======================================
14:999  0:205    0 replacements
15:006  0:007  PreCleanup XSDT: count=21, length=204
15:011  0:004  PreCleanup XSDT, corrected XSDT: count=21, length=204
15:016  0:004  === [ ACPIDropTables ] ====================================
15:201  0:184    0 replacements
15:205  0:004    0 replacements
15:210  0:004  Found OperationRegion(PNVS, SystemMemory, 8F5D8000, ...)
15:215  0:004    0 replacements
15:220  0:004  Found OperationRegion(SANV, SystemMemory, 8ECA1118, ...)
15:225  0:004    0 replacements
15:230  0:004    0 replacements
15:235  0:005    0 replacements
15:240  0:004    0 replacements
15:245  0:005    0 replacements
15:250  0:004  Found OperationRegion(ADHD, SystemMemory, 8D4FC000, ...)
15:255  0:005  Found OperationRegion(ABLK, SystemMemory, 8D4FC020, ...)
15:260  0:004  CPUBase=0 and ApicCPUBase=1 ApicCPUNum=1
15:264  0:004  Cleanup XSDT: count=21, length=204
15:269  0:004  corrected XSDT count=21, length=204
15:274  0:004  === [ RestSetup macOS ] ===================================
15:464  0:190  ATI injection not set
15:469  0:005   RCBA disabled; cannot use it
15:474  0:004   setting specified layout-id=1 (0x1)
15:479  0:005  stringlength = 960
15:484  0:004  CurrentMode: Width=1920 Height=1080
15:489  0:005  Beginning FSInjection
15:501  0:012  Use origin smbios table type 1 guid.
15:523  0:021  Preparing kexts injection for arch=x86_64 from EFI\CLOVER\kexts\Other
15:528  0:004  Extra kext: EFI\CLOVER\kexts\Other\FakeSMC.kext (v.1800)
15:534  0:005  Preparing kexts injection for arch=x86_64 from EFI\CLOVER\kexts\10.14
15:540  0:006  SetScreenResolution: 1920x1080 - already set
15:550  0:009  Custom boot is disabled
15:557  0:006  Closing log
